INFO:root:NIKITA created new message!
INFO:root:NIKITA edited message with id = 26!
INFO:root:NIKITA deleted message with id = 29
INFO:root:NIKITA deleted message with id = 26
INFO:root:gfgjhkjlk; created new message!
INFO:root:gfgjhkjlk; edited message with id = 30!
INFO:root:gfgjhkjlk; deleted message with id = 30
INFO:root:ghj created new message!
INFO:root:ghj deleted message with id = 31
INFO:root:oiuhm created new message!
INFO:root:oiuhm deleted message with id = 32
INFO:root:jm, created new message!
INFO:root:jm, edited message with id = 33!
INFO:root:jm, edited message with id = 33!
INFO:root:jm, deleted message with id = 33
INFO:root:ljh created new message!
INFO:root:ljh edited message with id = 34!
INFO:root:ljh deleted message with id = 34
INFO:root:kjnm created new message!
INFO:root:kjnm edited message with id = 35!
INFO:root:kjnm edited message with id = 35!
INFO:root:kjnm deleted message with id = 35
INFO:root:oesl created new message!
INFO:root:oesl deleted message with id = 36
INFO:root:dsl;ov created new message!
INFO:root:dsl;ov deleted message with id = 37
INFO:root:bmsl created new message!
INFO:root:bmsl edited message with id = 38!
INFO:root:bmsl edited message with id = 38!
INFO:root:khgbv created new message!
INFO:root: created new message!
INFO:root: edited message with id = 40!
INFO:root:clsdpvl created new message!
